2020-08-28 14:58:47,341:INFO:PyCaret Classification Module
2020-08-28 14:58:47,341:INFO:version 2.0
2020-08-28 14:58:47,341:INFO:Initializing setup()
2020-08-28 14:58:47,341:INFO:USI: b105
2020-08-28 14:58:47,341:INFO:setup(data=(25380, 12), target=system_id, train_size=0.7, sampling=True, sample_estimator=None, categorical_features=None, categorical_imputation=constant, ordinal_features=None,
                    high_cardinality_features=None, high_cardinality_method=frequency, numeric_features=None, numeric_imputation=mean, date_features=None, ignore_features=['audio_filename', 'speaker_id', 'label'], normalize=True,
                    normalize_method=zscore, transformation=False, transformation_method=yeo-johnson, handle_unknown_categorical=True, unknown_categorical_method=least_frequent, pca=False, pca_method=linear,
                    pca_components=None, ignore_low_variance=False, combine_rare_levels=False, rare_level_threshold=0.1, bin_numeric_features=None, remove_outliers=False, outliers_threshold=0.05,
                    remove_multicollinearity=False, multicollinearity_threshold=0.9, remove_perfect_collinearity=False, create_clusters=False, cluster_iter=20,
                    polynomial_features=False, polynomial_degree=2, trigonometry_features=False, polynomial_threshold=0.1, group_features=None,
                    group_names=None, feature_selection=False, feature_selection_threshold=0.8, feature_interaction=False, feature_ratio=False, interaction_threshold=0.01,
                    fix_imbalance=False, fix_imbalance_method=None, data_split_shuffle=True, folds_shuffle=False, n_jobs=-1, html=True, session_id=None, log_experiment=False,
                    experiment_name=None, log_plots=False, log_profile=False, log_data=False, silent=False, verbose=True, profile=False)
2020-08-28 14:58:47,341:INFO:Checking environment
2020-08-28 14:58:47,341:INFO:python_version: 3.7.8
2020-08-28 14:58:47,341:INFO:python_build: ('default', 'Jul 31 2020 02:25:08')
2020-08-28 14:58:47,341:INFO:machine: x86_64
2020-08-28 14:58:47,342:INFO:platform: Linux-4.15.0-112-generic-x86_64-with-debian-buster-sid
2020-08-28 14:58:47,343:WARNING:cannot find psutil installation. memory not traceable. Install psutil using pip to enable memory logging. 
2020-08-28 14:58:47,343:INFO:Checking libraries
2020-08-28 14:58:47,343:INFO:pd==1.1.1
2020-08-28 14:58:47,343:INFO:numpy==1.19.1
2020-08-28 14:58:47,991:INFO:sklearn==0.23.2
2020-08-28 14:58:48,123:INFO:xgboost==1.2.0
2020-08-28 14:58:48,199:INFO:lightgbm==2.3.1
2020-08-28 14:58:48,336:INFO:catboost==0.24.1
2020-08-28 14:58:49,219:INFO:mlflow==1.10.0
2020-08-28 14:58:49,220:INFO:Checking Exceptions
2020-08-28 14:58:49,220:INFO:Preloading libraries
2020-08-28 14:58:49,220:INFO:Preparing display monitor
2020-08-28 14:58:49,242:INFO:Importing libraries
2020-08-28 14:58:53,071:INFO:Copying data for preprocessing
2020-08-28 14:58:53,078:INFO:Declaring global variables
2020-08-28 14:58:53,085:INFO:Declaring preprocessing parameters
2020-08-28 14:58:53,085:INFO:Importing preprocessing module
2020-08-28 14:58:53,759:INFO:Creating preprocessing pipeline
2020-08-28 14:59:15,582:INFO:Preprocessing pipeline created successfully
2020-08-28 14:59:15,583:INFO:Creating grid variables
2020-08-28 14:59:15,587:INFO:Creating global containers
2020-08-28 14:59:15,590:INFO:Sampling dataset
2020-08-28 15:00:26,196:INFO:PyCaret Classification Module
2020-08-28 15:00:26,196:INFO:version 2.0
2020-08-28 15:00:26,196:INFO:Initializing setup()
2020-08-28 15:00:26,196:INFO:USI: 25ac
2020-08-28 15:00:26,196:INFO:setup(data=(25380, 12), target=system_id, train_size=0.7, sampling=True, sample_estimator=None, categorical_features=None, categorical_imputation=constant, ordinal_features=None,
                    high_cardinality_features=None, high_cardinality_method=frequency, numeric_features=None, numeric_imputation=mean, date_features=None, ignore_features=['audio_filename', 'speaker_id', 'label'], normalize=True,
                    normalize_method=zscore, transformation=False, transformation_method=yeo-johnson, handle_unknown_categorical=True, unknown_categorical_method=least_frequent, pca=False, pca_method=linear,
                    pca_components=None, ignore_low_variance=False, combine_rare_levels=False, rare_level_threshold=0.1, bin_numeric_features=None, remove_outliers=False, outliers_threshold=0.05,
                    remove_multicollinearity=False, multicollinearity_threshold=0.9, remove_perfect_collinearity=False, create_clusters=False, cluster_iter=20,
                    polynomial_features=False, polynomial_degree=2, trigonometry_features=False, polynomial_threshold=0.1, group_features=None,
                    group_names=None, feature_selection=False, feature_selection_threshold=0.8, feature_interaction=False, feature_ratio=False, interaction_threshold=0.01,
                    fix_imbalance=False, fix_imbalance_method=None, data_split_shuffle=True, folds_shuffle=False, n_jobs=-1, html=True, session_id=None, log_experiment=False,
                    experiment_name=None, log_plots=False, log_profile=False, log_data=False, silent=False, verbose=True, profile=False)
2020-08-28 15:00:26,196:INFO:Checking environment
2020-08-28 15:00:26,197:INFO:python_version: 3.7.8
2020-08-28 15:00:26,197:INFO:python_build: ('default', 'Jul 31 2020 02:25:08')
2020-08-28 15:00:26,197:INFO:machine: x86_64
2020-08-28 15:00:26,197:INFO:platform: Linux-4.15.0-112-generic-x86_64-with-debian-buster-sid
2020-08-28 15:00:26,198:WARNING:cannot find psutil installation. memory not traceable. Install psutil using pip to enable memory logging. 
2020-08-28 15:00:26,198:INFO:Checking libraries
2020-08-28 15:00:26,198:INFO:pd==1.1.1
2020-08-28 15:00:26,198:INFO:numpy==1.19.1
2020-08-28 15:00:26,198:INFO:sklearn==0.23.2
2020-08-28 15:00:26,198:INFO:xgboost==1.2.0
2020-08-28 15:00:26,198:INFO:lightgbm==2.3.1
2020-08-28 15:00:26,198:INFO:catboost==0.24.1
2020-08-28 15:00:26,198:INFO:mlflow==1.10.0
2020-08-28 15:00:26,198:INFO:Checking Exceptions
2020-08-28 15:00:26,198:INFO:Preloading libraries
2020-08-28 15:00:26,198:INFO:Preparing display monitor
2020-08-28 15:00:26,208:INFO:Importing libraries
2020-08-28 15:00:26,211:INFO:Copying data for preprocessing
2020-08-28 15:00:26,213:INFO:Declaring global variables
2020-08-28 15:00:26,215:INFO:Declaring preprocessing parameters
2020-08-28 15:00:26,216:INFO:Importing preprocessing module
2020-08-28 15:00:26,216:INFO:Creating preprocessing pipeline
2020-08-28 15:00:30,572:INFO:Preprocessing pipeline created successfully
2020-08-28 15:00:30,573:INFO:Creating grid variables
2020-08-28 15:00:30,577:INFO:Creating global containers
2020-08-28 15:00:30,579:INFO:Sampling dataset
2020-08-28 15:00:44,329:INFO:create_model_container 0
2020-08-28 15:00:44,330:INFO:master_model_container 0
2020-08-28 15:00:44,330:INFO:display_container 0
2020-08-28 15:00:44,337:INFO:Pipeline(memory=None,
         steps=[('dtypes',
                 DataTypes_Auto_infer(categorical_features=[],
                                      display_types=True,
                                      features_todrop=['audio_filename',
                                                       'speaker_id', 'label'],
                                      ml_usecase='classification',
                                      numerical_features=[], target='system_id',
                                      time_features=[])),
                ('imputer',
                 Simple_Imputer(categorical_strategy='not_available',
                                numeric_strategy='mean',
                                target_variable=N...
                                                  random_state_quantile=512,
                                                  target='system_id')),
                ('P_transform', Empty()), ('pt_target', Empty()),
                ('binn', Empty()), ('rem_outliers', Empty()),
                ('cluster_all', Empty()),
                ('dummy', Dummify(target='system_id')),
                ('fix_perfect', Empty()), ('clean_names', Clean_Colum_Names()),
                ('feature_select', Empty()), ('fix_multi', Empty()),
                ('dfs', Empty()), ('pca', Empty())],
         verbose=False)
2020-08-28 15:00:44,337:INFO:setup() succesfully completed......................................
2020-08-28 15:00:44,341:INFO:Initializing compare_models()
2020-08-28 15:00:44,341:INFO:compare_models(blacklist=None, whitelist=None, fold=10, round=4, sort=Accuracy, n_select=1, turbo=True, verbose=True)
2020-08-28 15:00:44,341:INFO:Checking exceptions
2020-08-28 15:00:44,342:INFO:Preloading libraries
2020-08-28 15:00:44,343:INFO:Preparing display monitor
2020-08-28 15:00:44,359:INFO:Copying training dataset
2020-08-28 15:00:44,359:INFO:Importing libraries
2020-08-28 15:00:44,379:INFO:Importing untrained models
2020-08-28 15:00:44,379:INFO:Import successful
2020-08-28 15:00:44,384:INFO:Defining folds
2020-08-28 15:00:44,384:INFO:Declaring metric variables
2020-08-28 15:00:44,384:INFO:Initializing Logistic Regression
2020-08-28 15:00:44,390:INFO:Initializing Fold 1
2020-08-28 15:00:44,394:INFO:Fitting Model
2020-08-28 15:00:44,665:INFO:Evaluating Metrics
2020-08-28 15:00:44,687:INFO:Compiling Metrics
2020-08-28 15:00:44,695:INFO:Initializing Fold 2
2020-08-28 15:00:44,701:INFO:Fitting Model
2020-08-28 15:00:44,948:INFO:Evaluating Metrics
2020-08-28 15:00:44,970:INFO:Compiling Metrics
2020-08-28 15:00:44,978:INFO:Initializing Fold 3
2020-08-28 15:00:44,983:INFO:Fitting Model
2020-08-28 15:00:45,241:INFO:Evaluating Metrics
2020-08-28 15:00:45,263:INFO:Compiling Metrics
2020-08-28 15:00:45,271:INFO:Initializing Fold 4
2020-08-28 15:00:45,276:INFO:Fitting Model
2020-08-28 15:00:45,515:INFO:Evaluating Metrics
2020-08-28 15:00:45,645:INFO:Compiling Metrics
2020-08-28 15:00:45,653:INFO:Initializing Fold 5
2020-08-28 15:00:45,658:INFO:Fitting Model
2020-08-28 15:00:45,919:INFO:Evaluating Metrics
2020-08-28 15:00:45,940:INFO:Compiling Metrics
2020-08-28 15:00:45,949:INFO:Initializing Fold 6
2020-08-28 15:00:45,954:INFO:Fitting Model
2020-08-28 15:00:46,213:INFO:Evaluating Metrics
2020-08-28 15:00:46,234:INFO:Compiling Metrics
2020-08-28 15:00:46,242:INFO:Initializing Fold 7
2020-08-28 15:00:46,247:INFO:Fitting Model
2020-08-28 15:00:46,497:INFO:Evaluating Metrics
2020-08-28 15:00:46,519:INFO:Compiling Metrics
2020-08-28 15:00:46,527:INFO:Initializing Fold 8
2020-08-28 15:00:46,532:INFO:Fitting Model
2020-08-28 15:00:46,848:INFO:Evaluating Metrics
2020-08-28 15:00:46,870:INFO:Compiling Metrics
2020-08-28 15:00:46,878:INFO:Initializing Fold 9
2020-08-28 15:00:46,883:INFO:Fitting Model
2020-08-28 15:00:47,130:INFO:Evaluating Metrics
2020-08-28 15:00:47,151:INFO:Compiling Metrics
2020-08-28 15:00:47,159:INFO:Initializing Fold 10
2020-08-28 15:00:47,165:INFO:Fitting Model
2020-08-28 15:00:47,423:INFO:Evaluating Metrics
2020-08-28 15:00:47,445:INFO:Compiling Metrics
2020-08-28 15:00:47,453:INFO:Calculating mean and std
2020-08-28 15:00:47,453:INFO:Creating metrics dataframe
2020-08-28 15:00:47,464:INFO:Initializing K Neighbors Classifier
2020-08-28 15:00:47,471:INFO:Initializing Fold 1
2020-08-28 15:00:47,477:INFO:Fitting Model
2020-08-28 15:00:47,556:INFO:Evaluating Metrics
2020-08-28 15:00:48,952:INFO:Compiling Metrics
2020-08-28 15:00:48,965:INFO:Initializing Fold 2
2020-08-28 15:00:48,971:INFO:Fitting Model
2020-08-28 15:00:49,038:INFO:Evaluating Metrics
2020-08-28 15:00:50,427:INFO:Compiling Metrics
2020-08-28 15:00:50,441:INFO:Initializing Fold 3
2020-08-28 15:00:50,447:INFO:Fitting Model
2020-08-28 15:00:50,515:INFO:Evaluating Metrics
2020-08-28 15:00:52,125:INFO:Compiling Metrics
2020-08-28 15:00:52,137:INFO:Initializing Fold 4
2020-08-28 15:00:52,144:INFO:Fitting Model
2020-08-28 15:00:52,235:INFO:Evaluating Metrics
2020-08-28 15:00:53,635:INFO:Compiling Metrics
2020-08-28 15:00:53,649:INFO:Initializing Fold 5
2020-08-28 15:00:53,655:INFO:Fitting Model
2020-08-28 15:00:53,723:INFO:Evaluating Metrics
2020-08-28 15:00:55,227:INFO:Compiling Metrics
2020-08-28 15:00:55,241:INFO:Initializing Fold 6
2020-08-28 15:00:55,248:INFO:Fitting Model
2020-08-28 15:00:55,315:INFO:Evaluating Metrics
2020-08-28 15:00:56,696:INFO:Compiling Metrics
2020-08-28 15:00:56,708:INFO:Initializing Fold 7
2020-08-28 15:00:56,714:INFO:Fitting Model
2020-08-28 15:00:56,783:INFO:Evaluating Metrics
2020-08-28 15:00:58,190:INFO:Compiling Metrics
2020-08-28 15:00:58,203:INFO:Initializing Fold 8
2020-08-28 15:00:58,211:INFO:Fitting Model
2020-08-28 15:00:58,284:INFO:Evaluating Metrics
2020-08-28 15:00:59,988:INFO:Compiling Metrics
2020-08-28 15:01:00,001:INFO:Initializing Fold 9
2020-08-28 15:01:00,007:INFO:Fitting Model
2020-08-28 15:01:00,077:INFO:Evaluating Metrics
2020-08-28 15:01:01,970:INFO:Compiling Metrics
2020-08-28 15:01:01,982:INFO:Initializing Fold 10
2020-08-28 15:01:01,991:INFO:Fitting Model
2020-08-28 15:01:02,077:INFO:Evaluating Metrics
2020-08-28 15:01:03,486:INFO:Compiling Metrics
2020-08-28 15:01:03,498:INFO:Calculating mean and std
2020-08-28 15:01:03,498:INFO:Creating metrics dataframe
2020-08-28 15:01:03,520:INFO:Initializing Naive Bayes
2020-08-28 15:01:03,529:INFO:Initializing Fold 1
2020-08-28 15:01:03,535:INFO:Fitting Model
2020-08-28 15:01:03,557:INFO:Evaluating Metrics
2020-08-28 15:01:03,574:INFO:Compiling Metrics
2020-08-28 15:01:03,579:INFO:Initializing Fold 2
2020-08-28 15:01:03,583:INFO:Fitting Model
2020-08-28 15:01:03,602:INFO:Evaluating Metrics
2020-08-28 15:01:03,618:INFO:Compiling Metrics
2020-08-28 15:01:03,624:INFO:Initializing Fold 3
2020-08-28 15:01:03,627:INFO:Fitting Model
2020-08-28 15:01:03,646:INFO:Evaluating Metrics
2020-08-28 15:01:03,663:INFO:Compiling Metrics
2020-08-28 15:01:03,668:INFO:Initializing Fold 4
2020-08-28 15:01:03,672:INFO:Fitting Model
2020-08-28 15:01:03,691:INFO:Evaluating Metrics
2020-08-28 15:01:03,707:INFO:Compiling Metrics
2020-08-28 15:01:03,712:INFO:Initializing Fold 5
2020-08-28 15:01:03,716:INFO:Fitting Model
2020-08-28 15:01:03,735:INFO:Evaluating Metrics
2020-08-28 15:01:03,752:INFO:Compiling Metrics
2020-08-28 15:01:03,757:INFO:Initializing Fold 6
2020-08-28 15:01:03,761:INFO:Fitting Model
2020-08-28 15:01:03,780:INFO:Evaluating Metrics
2020-08-28 15:01:03,796:INFO:Compiling Metrics
2020-08-28 15:01:03,801:INFO:Initializing Fold 7
2020-08-28 15:01:03,805:INFO:Fitting Model
2020-08-28 15:01:03,824:INFO:Evaluating Metrics
2020-08-28 15:01:03,840:INFO:Compiling Metrics
2020-08-28 15:01:03,846:INFO:Initializing Fold 8
2020-08-28 15:01:03,849:INFO:Fitting Model
2020-08-28 15:01:03,869:INFO:Evaluating Metrics
2020-08-28 15:01:03,885:INFO:Compiling Metrics
2020-08-28 15:01:03,890:INFO:Initializing Fold 9
2020-08-28 15:01:03,894:INFO:Fitting Model
2020-08-28 15:01:03,913:INFO:Evaluating Metrics
2020-08-28 15:01:03,929:INFO:Compiling Metrics
2020-08-28 15:01:03,934:INFO:Initializing Fold 10
2020-08-28 15:01:03,938:INFO:Fitting Model
2020-08-28 15:01:03,957:INFO:Evaluating Metrics
2020-08-28 15:01:03,974:INFO:Compiling Metrics
2020-08-28 15:01:03,979:INFO:Calculating mean and std
2020-08-28 15:01:03,979:INFO:Creating metrics dataframe
2020-08-28 15:01:03,987:INFO:Initializing Decision Tree Classifier
2020-08-28 15:01:03,992:INFO:Initializing Fold 1
2020-08-28 15:01:03,996:INFO:Fitting Model
2020-08-28 15:01:04,507:INFO:Evaluating Metrics
2020-08-28 15:01:04,522:INFO:Compiling Metrics
2020-08-28 15:01:04,527:INFO:Initializing Fold 2
2020-08-28 15:01:04,531:INFO:Fitting Model
2020-08-28 15:01:05,031:INFO:Evaluating Metrics
2020-08-28 15:01:05,046:INFO:Compiling Metrics
2020-08-28 15:01:05,051:INFO:Initializing Fold 3
2020-08-28 15:01:05,055:INFO:Fitting Model
2020-08-28 15:01:05,554:INFO:Evaluating Metrics
2020-08-28 15:01:05,570:INFO:Compiling Metrics
2020-08-28 15:01:05,575:INFO:Initializing Fold 4
2020-08-28 15:01:05,579:INFO:Fitting Model
2020-08-28 15:01:06,084:INFO:Evaluating Metrics
2020-08-28 15:01:06,099:INFO:Compiling Metrics
2020-08-28 15:01:06,104:INFO:Initializing Fold 5
2020-08-28 15:01:06,108:INFO:Fitting Model
2020-08-28 15:01:06,617:INFO:Evaluating Metrics
2020-08-28 15:01:06,632:INFO:Compiling Metrics
2020-08-28 15:01:06,638:INFO:Initializing Fold 6
2020-08-28 15:01:06,641:INFO:Fitting Model
2020-08-28 15:01:07,143:INFO:Evaluating Metrics
2020-08-28 15:01:07,159:INFO:Compiling Metrics
2020-08-28 15:01:07,164:INFO:Initializing Fold 7
2020-08-28 15:01:07,168:INFO:Fitting Model
2020-08-28 15:01:07,679:INFO:Evaluating Metrics
2020-08-28 15:01:07,694:INFO:Compiling Metrics
2020-08-28 15:01:07,699:INFO:Initializing Fold 8
2020-08-28 15:01:07,703:INFO:Fitting Model
2020-08-28 15:01:08,210:INFO:Evaluating Metrics
2020-08-28 15:01:08,225:INFO:Compiling Metrics
2020-08-28 15:01:08,231:INFO:Initializing Fold 9
2020-08-28 15:01:08,234:INFO:Fitting Model
2020-08-28 15:01:08,730:INFO:Evaluating Metrics
2020-08-28 15:01:08,746:INFO:Compiling Metrics
2020-08-28 15:01:08,751:INFO:Initializing Fold 10
2020-08-28 15:01:08,755:INFO:Fitting Model
2020-08-28 15:01:09,257:INFO:Evaluating Metrics
2020-08-28 15:01:09,273:INFO:Compiling Metrics
2020-08-28 15:01:09,278:INFO:Calculating mean and std
2020-08-28 15:01:09,278:INFO:Creating metrics dataframe
2020-08-28 15:01:09,286:INFO:Initializing SVM - Linear Kernel
2020-08-28 15:01:09,291:INFO:Initializing Fold 1
2020-08-28 15:01:09,294:INFO:Fitting Model
2020-08-28 15:01:09,430:INFO:Evaluating Metrics
2020-08-28 15:01:09,430:WARNING:model has no predict_proba attribute. pred_prob set to 0.00
2020-08-28 15:01:09,443:INFO:Compiling Metrics
2020-08-28 15:01:09,451:INFO:Initializing Fold 2
2020-08-28 15:01:09,456:INFO:Fitting Model
2020-08-28 15:01:09,622:INFO:Evaluating Metrics
2020-08-28 15:01:09,622:WARNING:model has no predict_proba attribute. pred_prob set to 0.00
2020-08-28 15:01:09,634:INFO:Compiling Metrics
2020-08-28 15:01:09,642:INFO:Initializing Fold 3
2020-08-28 15:01:09,647:INFO:Fitting Model
2020-08-28 15:01:09,810:INFO:Evaluating Metrics
2020-08-28 15:01:09,810:WARNING:model has no predict_proba attribute. pred_prob set to 0.00
2020-08-28 15:01:09,822:INFO:Compiling Metrics
2020-08-28 15:01:09,830:INFO:Initializing Fold 4
2020-08-28 15:01:09,835:INFO:Fitting Model
2020-08-28 15:01:09,983:INFO:Evaluating Metrics
2020-08-28 15:01:09,983:WARNING:model has no predict_proba attribute. pred_prob set to 0.00
2020-08-28 15:01:09,995:INFO:Compiling Metrics
2020-08-28 15:01:10,002:INFO:Initializing Fold 5
2020-08-28 15:01:10,007:INFO:Fitting Model
2020-08-28 15:01:10,172:INFO:Evaluating Metrics
2020-08-28 15:01:10,172:WARNING:model has no predict_proba attribute. pred_prob set to 0.00
2020-08-28 15:01:10,182:INFO:Compiling Metrics
2020-08-28 15:01:10,190:INFO:Initializing Fold 6
2020-08-28 15:01:10,195:INFO:Fitting Model
2020-08-28 15:01:10,354:INFO:Evaluating Metrics
2020-08-28 15:01:10,354:WARNING:model has no predict_proba attribute. pred_prob set to 0.00
2020-08-28 15:01:10,366:INFO:Compiling Metrics
2020-08-28 15:01:10,374:INFO:Initializing Fold 7
2020-08-28 15:01:10,379:INFO:Fitting Model
2020-08-28 15:01:10,535:INFO:Evaluating Metrics
2020-08-28 15:01:10,535:WARNING:model has no predict_proba attribute. pred_prob set to 0.00
2020-08-28 15:01:10,548:INFO:Compiling Metrics
2020-08-28 15:01:10,556:INFO:Initializing Fold 8
2020-08-28 15:01:10,561:INFO:Fitting Model
2020-08-28 15:01:10,720:INFO:Evaluating Metrics
2020-08-28 15:01:10,721:WARNING:model has no predict_proba attribute. pred_prob set to 0.00
2020-08-28 15:01:10,733:INFO:Compiling Metrics
2020-08-28 15:01:10,741:INFO:Initializing Fold 9
2020-08-28 15:01:10,748:INFO:Fitting Model
2020-08-28 15:01:10,896:INFO:Evaluating Metrics
2020-08-28 15:01:10,896:WARNING:model has no predict_proba attribute. pred_prob set to 0.00
2020-08-28 15:01:10,908:INFO:Compiling Metrics
2020-08-28 15:01:10,916:INFO:Initializing Fold 10
2020-08-28 15:01:10,921:INFO:Fitting Model
2020-08-28 15:01:11,085:INFO:Evaluating Metrics
2020-08-28 15:01:11,085:WARNING:model has no predict_proba attribute. pred_prob set to 0.00
2020-08-28 15:01:11,097:INFO:Compiling Metrics
2020-08-28 15:01:11,105:INFO:Calculating mean and std
2020-08-28 15:01:11,105:INFO:Creating metrics dataframe
2020-08-28 15:01:11,117:INFO:Initializing Ridge Classifier
2020-08-28 15:01:11,124:INFO:Initializing Fold 1
2020-08-28 15:01:11,129:INFO:Fitting Model
2020-08-28 15:01:11,172:INFO:Evaluating Metrics
2020-08-28 15:01:11,173:WARNING:model has no predict_proba attribute. pred_prob set to 0.00
2020-08-28 15:01:11,186:INFO:Compiling Metrics
2020-08-28 15:01:11,194:INFO:Initializing Fold 2
2020-08-28 15:01:11,199:INFO:Fitting Model
2020-08-28 15:01:11,241:INFO:Evaluating Metrics
2020-08-28 15:01:11,241:WARNING:model has no predict_proba attribute. pred_prob set to 0.00
2020-08-28 15:01:11,254:INFO:Compiling Metrics
2020-08-28 15:01:11,262:INFO:Initializing Fold 3
2020-08-28 15:01:11,267:INFO:Fitting Model
2020-08-28 15:01:11,308:INFO:Evaluating Metrics
2020-08-28 15:01:11,308:WARNING:model has no predict_proba attribute. pred_prob set to 0.00
2020-08-28 15:01:11,321:INFO:Compiling Metrics
2020-08-28 15:01:11,329:INFO:Initializing Fold 4
2020-08-28 15:01:11,335:INFO:Fitting Model
2020-08-28 15:01:11,376:INFO:Evaluating Metrics
2020-08-28 15:01:11,376:WARNING:model has no predict_proba attribute. pred_prob set to 0.00
2020-08-28 15:01:11,389:INFO:Compiling Metrics
2020-08-28 15:01:11,397:INFO:Initializing Fold 5
2020-08-28 15:01:11,403:INFO:Fitting Model
2020-08-28 15:01:11,460:INFO:Evaluating Metrics
2020-08-28 15:01:11,460:WARNING:model has no predict_proba attribute. pred_prob set to 0.00
2020-08-28 15:01:11,476:INFO:Compiling Metrics
2020-08-28 15:01:11,485:INFO:Initializing Fold 6
2020-08-28 15:01:11,490:INFO:Fitting Model
2020-08-28 15:01:11,556:INFO:Evaluating Metrics
2020-08-28 15:01:11,556:WARNING:model has no predict_proba attribute. pred_prob set to 0.00
2020-08-28 15:01:11,577:INFO:Compiling Metrics
2020-08-28 15:01:11,586:INFO:Initializing Fold 7
2020-08-28 15:01:11,591:INFO:Fitting Model
2020-08-28 15:01:11,632:INFO:Evaluating Metrics
2020-08-28 15:01:11,632:WARNING:model has no predict_proba attribute. pred_prob set to 0.00
2020-08-28 15:01:11,645:INFO:Compiling Metrics
2020-08-28 15:01:11,654:INFO:Initializing Fold 8
2020-08-28 15:01:11,659:INFO:Fitting Model
2020-08-28 15:01:11,700:INFO:Evaluating Metrics
2020-08-28 15:01:11,700:WARNING:model has no predict_proba attribute. pred_prob set to 0.00
2020-08-28 15:01:11,713:INFO:Compiling Metrics
2020-08-28 15:01:11,721:INFO:Initializing Fold 9
2020-08-28 15:01:11,727:INFO:Fitting Model
2020-08-28 15:01:11,768:INFO:Evaluating Metrics
2020-08-28 15:01:11,768:WARNING:model has no predict_proba attribute. pred_prob set to 0.00
2020-08-28 15:01:11,781:INFO:Compiling Metrics
2020-08-28 15:01:11,790:INFO:Initializing Fold 10
2020-08-28 15:01:11,795:INFO:Fitting Model
2020-08-28 15:01:11,836:INFO:Evaluating Metrics
2020-08-28 15:01:11,836:WARNING:model has no predict_proba attribute. pred_prob set to 0.00
2020-08-28 15:01:11,849:INFO:Compiling Metrics
2020-08-28 15:01:11,857:INFO:Calculating mean and std
2020-08-28 15:01:11,857:INFO:Creating metrics dataframe
2020-08-28 15:01:11,869:INFO:Initializing Random Forest Classifier
2020-08-28 15:01:11,876:INFO:Initializing Fold 1
2020-08-28 15:01:11,881:INFO:Fitting Model
2020-08-28 15:01:16,949:INFO:Evaluating Metrics
2020-08-28 15:01:18,247:INFO:Compiling Metrics
2020-08-28 15:01:18,261:INFO:Initializing Fold 2
2020-08-28 15:01:18,268:INFO:Fitting Model
2020-08-28 15:01:18,642:INFO:Evaluating Metrics
2020-08-28 15:01:19,943:INFO:Compiling Metrics
2020-08-28 15:01:19,955:INFO:Initializing Fold 3
2020-08-28 15:01:19,961:INFO:Fitting Model
2020-08-28 15:01:20,352:INFO:Evaluating Metrics
2020-08-28 15:01:21,646:INFO:Compiling Metrics
2020-08-28 15:01:21,659:INFO:Initializing Fold 4
2020-08-28 15:01:21,666:INFO:Fitting Model
2020-08-28 15:01:22,079:INFO:Evaluating Metrics
2020-08-28 15:01:23,373:INFO:Compiling Metrics
2020-08-28 15:01:23,385:INFO:Initializing Fold 5
2020-08-28 15:01:23,391:INFO:Fitting Model
2020-08-28 15:01:23,805:INFO:Evaluating Metrics
2020-08-28 15:01:25,102:INFO:Compiling Metrics
2020-08-28 15:01:25,115:INFO:Initializing Fold 6
2020-08-28 15:01:25,121:INFO:Fitting Model
2020-08-28 15:01:25,520:INFO:Evaluating Metrics
2020-08-28 15:01:26,819:INFO:Compiling Metrics
2020-08-28 15:01:26,832:INFO:Initializing Fold 7
2020-08-28 15:01:26,839:INFO:Fitting Model
2020-08-28 15:01:27,289:INFO:Evaluating Metrics
2020-08-28 15:01:28,586:INFO:Compiling Metrics
2020-08-28 15:01:28,597:INFO:Initializing Fold 8
2020-08-28 15:01:28,603:INFO:Fitting Model
2020-08-28 15:01:28,995:INFO:Evaluating Metrics
2020-08-28 15:01:30,293:INFO:Compiling Metrics
2020-08-28 15:01:30,307:INFO:Initializing Fold 9
2020-08-28 15:01:30,314:INFO:Fitting Model
2020-08-28 15:01:30,694:INFO:Evaluating Metrics
2020-08-28 15:01:31,989:INFO:Compiling Metrics
2020-08-28 15:01:32,002:INFO:Initializing Fold 10
2020-08-28 15:01:32,009:INFO:Fitting Model
2020-08-28 15:01:32,415:INFO:Evaluating Metrics
2020-08-28 15:01:33,712:INFO:Compiling Metrics
2020-08-28 15:01:33,725:INFO:Calculating mean and std
2020-08-28 15:01:33,725:INFO:Creating metrics dataframe
2020-08-28 15:01:33,739:INFO:Initializing Quadratic Discriminant Analysis
2020-08-28 15:01:33,744:INFO:Initializing Fold 1
2020-08-28 15:01:33,749:INFO:Fitting Model
2020-08-28 15:01:33,796:INFO:Evaluating Metrics
2020-08-28 15:01:33,820:INFO:Compiling Metrics
2020-08-28 15:01:33,828:INFO:Initializing Fold 2
2020-08-28 15:01:33,833:INFO:Fitting Model
2020-08-28 15:01:33,868:INFO:Evaluating Metrics
2020-08-28 15:01:33,892:INFO:Compiling Metrics
2020-08-28 15:01:33,900:INFO:Initializing Fold 3
2020-08-28 15:01:33,905:INFO:Fitting Model
2020-08-28 15:01:33,940:INFO:Evaluating Metrics
2020-08-28 15:01:33,976:INFO:Compiling Metrics
2020-08-28 15:01:33,992:INFO:Initializing Fold 4
2020-08-28 15:01:34,001:INFO:Fitting Model
2020-08-28 15:01:34,070:INFO:Evaluating Metrics
2020-08-28 15:01:34,114:INFO:Compiling Metrics
2020-08-28 15:01:34,132:INFO:Initializing Fold 5
2020-08-28 15:01:34,138:INFO:Fitting Model
2020-08-28 15:01:34,173:INFO:Evaluating Metrics
2020-08-28 15:01:34,197:INFO:Compiling Metrics
2020-08-28 15:01:34,205:INFO:Initializing Fold 6
2020-08-28 15:01:34,210:INFO:Fitting Model
2020-08-28 15:01:34,274:INFO:Evaluating Metrics
2020-08-28 15:01:34,298:INFO:Compiling Metrics
2020-08-28 15:01:34,306:INFO:Initializing Fold 7
2020-08-28 15:01:34,311:INFO:Fitting Model
2020-08-28 15:01:34,346:INFO:Evaluating Metrics
2020-08-28 15:01:34,370:INFO:Compiling Metrics
2020-08-28 15:01:34,378:INFO:Initializing Fold 8
2020-08-28 15:01:34,383:INFO:Fitting Model
2020-08-28 15:01:34,417:INFO:Evaluating Metrics
2020-08-28 15:01:34,442:INFO:Compiling Metrics
2020-08-28 15:01:34,449:INFO:Initializing Fold 9
2020-08-28 15:01:34,455:INFO:Fitting Model
2020-08-28 15:01:34,490:INFO:Evaluating Metrics
2020-08-28 15:01:34,514:INFO:Compiling Metrics
2020-08-28 15:01:34,522:INFO:Initializing Fold 10
2020-08-28 15:01:34,527:INFO:Fitting Model
2020-08-28 15:01:34,562:INFO:Evaluating Metrics
2020-08-28 15:01:34,586:INFO:Compiling Metrics
2020-08-28 15:01:34,596:INFO:Calculating mean and std
2020-08-28 15:01:34,596:INFO:Creating metrics dataframe
2020-08-28 15:01:34,621:INFO:Initializing Ada Boost Classifier
2020-08-28 15:01:34,632:INFO:Initializing Fold 1
2020-08-28 15:01:34,643:INFO:Fitting Model
2020-08-28 15:01:38,188:INFO:Evaluating Metrics
2020-08-28 15:01:38,326:INFO:Compiling Metrics
2020-08-28 15:01:38,331:INFO:Initializing Fold 2
2020-08-28 15:01:38,335:INFO:Fitting Model
2020-08-28 15:01:41,870:INFO:Evaluating Metrics
2020-08-28 15:01:42,008:INFO:Compiling Metrics
2020-08-28 15:01:42,014:INFO:Initializing Fold 3
2020-08-28 15:01:42,018:INFO:Fitting Model
2020-08-28 15:01:45,553:INFO:Evaluating Metrics
2020-08-28 15:01:45,692:INFO:Compiling Metrics
2020-08-28 15:01:45,698:INFO:Initializing Fold 4
2020-08-28 15:01:45,702:INFO:Fitting Model
2020-08-28 15:01:49,239:INFO:Evaluating Metrics
2020-08-28 15:01:49,377:INFO:Compiling Metrics
2020-08-28 15:01:49,382:INFO:Initializing Fold 5
2020-08-28 15:01:49,386:INFO:Fitting Model
2020-08-28 15:01:52,920:INFO:Evaluating Metrics
2020-08-28 15:01:53,058:INFO:Compiling Metrics
2020-08-28 15:01:53,064:INFO:Initializing Fold 6
2020-08-28 15:01:53,068:INFO:Fitting Model
2020-08-28 15:01:56,607:INFO:Evaluating Metrics
2020-08-28 15:01:56,746:INFO:Compiling Metrics
2020-08-28 15:01:56,752:INFO:Initializing Fold 7
2020-08-28 15:01:56,757:INFO:Fitting Model
2020-08-28 15:02:00,305:INFO:Evaluating Metrics
2020-08-28 15:02:00,444:INFO:Compiling Metrics
2020-08-28 15:02:00,450:INFO:Initializing Fold 8
2020-08-28 15:02:00,455:INFO:Fitting Model
2020-08-28 15:02:03,991:INFO:Evaluating Metrics
2020-08-28 15:02:04,129:INFO:Compiling Metrics
2020-08-28 15:02:04,136:INFO:Initializing Fold 9
2020-08-28 15:02:04,140:INFO:Fitting Model
2020-08-28 15:02:07,689:INFO:Evaluating Metrics
2020-08-28 15:02:07,829:INFO:Compiling Metrics
2020-08-28 15:02:07,835:INFO:Initializing Fold 10
2020-08-28 15:02:07,839:INFO:Fitting Model
2020-08-28 15:02:11,380:INFO:Evaluating Metrics
2020-08-28 15:02:11,519:INFO:Compiling Metrics
2020-08-28 15:02:11,525:INFO:Calculating mean and std
2020-08-28 15:02:11,526:INFO:Creating metrics dataframe
2020-08-28 15:02:11,535:INFO:Initializing Gradient Boosting Classifier
2020-08-28 15:02:11,540:INFO:Initializing Fold 1
2020-08-28 15:02:11,544:INFO:Fitting Model
2020-08-28 15:02:26,844:INFO:Evaluating Metrics
2020-08-28 15:02:26,880:INFO:Compiling Metrics
2020-08-28 15:02:26,886:INFO:Initializing Fold 2
2020-08-28 15:02:26,891:INFO:Fitting Model
2020-08-28 15:02:42,171:INFO:Evaluating Metrics
2020-08-28 15:02:42,206:INFO:Compiling Metrics
2020-08-28 15:02:42,212:INFO:Initializing Fold 3
2020-08-28 15:02:42,216:INFO:Fitting Model
2020-08-28 15:02:57,519:INFO:Evaluating Metrics
2020-08-28 15:02:57,555:INFO:Compiling Metrics
2020-08-28 15:02:57,561:INFO:Initializing Fold 4
2020-08-28 15:02:57,565:INFO:Fitting Model
2020-08-28 15:03:12,863:INFO:Evaluating Metrics
2020-08-28 15:03:12,897:INFO:Compiling Metrics
2020-08-28 15:03:12,903:INFO:Initializing Fold 5
2020-08-28 15:03:12,907:INFO:Fitting Model
2020-08-28 15:03:28,178:INFO:Evaluating Metrics
2020-08-28 15:03:28,213:INFO:Compiling Metrics
2020-08-28 15:03:28,219:INFO:Initializing Fold 6
2020-08-28 15:03:28,224:INFO:Fitting Model
2020-08-28 15:03:43,515:INFO:Evaluating Metrics
2020-08-28 15:03:43,550:INFO:Compiling Metrics
2020-08-28 15:03:43,556:INFO:Initializing Fold 7
2020-08-28 15:03:43,560:INFO:Fitting Model
2020-08-28 15:03:58,863:INFO:Evaluating Metrics
2020-08-28 15:03:58,898:INFO:Compiling Metrics
2020-08-28 15:03:58,905:INFO:Initializing Fold 8
2020-08-28 15:03:58,909:INFO:Fitting Model
2020-08-28 15:04:14,196:INFO:Evaluating Metrics
2020-08-28 15:04:14,231:INFO:Compiling Metrics
2020-08-28 15:04:14,236:INFO:Initializing Fold 9
2020-08-28 15:04:14,240:INFO:Fitting Model
2020-08-28 15:04:29,555:INFO:Evaluating Metrics
2020-08-28 15:04:29,590:INFO:Compiling Metrics
2020-08-28 15:04:29,596:INFO:Initializing Fold 10
2020-08-28 15:04:29,600:INFO:Fitting Model
2020-08-28 15:04:44,893:INFO:Evaluating Metrics
2020-08-28 15:04:44,928:INFO:Compiling Metrics
2020-08-28 15:04:44,934:INFO:Calculating mean and std
2020-08-28 15:04:44,934:INFO:Creating metrics dataframe
2020-08-28 15:04:44,943:INFO:Initializing Linear Discriminant Analysis
2020-08-28 15:04:44,949:INFO:Initializing Fold 1
2020-08-28 15:04:44,953:INFO:Fitting Model
2020-08-28 15:04:45,090:INFO:Evaluating Metrics
2020-08-28 15:04:45,120:INFO:Compiling Metrics
2020-08-28 15:04:45,128:INFO:Initializing Fold 2
2020-08-28 15:04:45,134:INFO:Fitting Model
2020-08-28 15:04:45,232:INFO:Evaluating Metrics
2020-08-28 15:04:45,261:INFO:Compiling Metrics
2020-08-28 15:04:45,269:INFO:Initializing Fold 3
2020-08-28 15:04:45,274:INFO:Fitting Model
2020-08-28 15:04:45,365:INFO:Evaluating Metrics
2020-08-28 15:04:45,393:INFO:Compiling Metrics
2020-08-28 15:04:45,401:INFO:Initializing Fold 4
2020-08-28 15:04:45,406:INFO:Fitting Model
2020-08-28 15:04:45,494:INFO:Evaluating Metrics
2020-08-28 15:04:45,515:INFO:Compiling Metrics
2020-08-28 15:04:45,524:INFO:Initializing Fold 5
2020-08-28 15:04:45,529:INFO:Fitting Model
2020-08-28 15:04:45,621:INFO:Evaluating Metrics
2020-08-28 15:04:45,650:INFO:Compiling Metrics
2020-08-28 15:04:45,658:INFO:Initializing Fold 6
2020-08-28 15:04:45,664:INFO:Fitting Model
2020-08-28 15:04:45,754:INFO:Evaluating Metrics
2020-08-28 15:04:45,774:INFO:Compiling Metrics
2020-08-28 15:04:45,783:INFO:Initializing Fold 7
2020-08-28 15:04:45,790:INFO:Fitting Model
2020-08-28 15:04:45,878:INFO:Evaluating Metrics
2020-08-28 15:04:45,899:INFO:Compiling Metrics
2020-08-28 15:04:45,908:INFO:Initializing Fold 8
2020-08-28 15:04:45,915:INFO:Fitting Model
2020-08-28 15:04:46,003:INFO:Evaluating Metrics
2020-08-28 15:04:46,023:INFO:Compiling Metrics
2020-08-28 15:04:46,033:INFO:Initializing Fold 9
2020-08-28 15:04:46,040:INFO:Fitting Model
2020-08-28 15:04:46,130:INFO:Evaluating Metrics
2020-08-28 15:04:46,151:INFO:Compiling Metrics
2020-08-28 15:04:46,160:INFO:Initializing Fold 10
2020-08-28 15:04:46,167:INFO:Fitting Model
2020-08-28 15:04:46,256:INFO:Evaluating Metrics
2020-08-28 15:04:46,277:INFO:Compiling Metrics
2020-08-28 15:04:46,285:INFO:Calculating mean and std
2020-08-28 15:04:46,286:INFO:Creating metrics dataframe
2020-08-28 15:04:46,300:INFO:Initializing Extra Trees Classifier
2020-08-28 15:04:46,309:INFO:Initializing Fold 1
2020-08-28 15:04:46,316:INFO:Fitting Model
2020-08-28 15:04:48,344:INFO:Evaluating Metrics
2020-08-28 15:04:49,774:INFO:Compiling Metrics
2020-08-28 15:04:49,790:INFO:Initializing Fold 2
2020-08-28 15:04:49,799:INFO:Fitting Model
2020-08-28 15:04:51,839:INFO:Evaluating Metrics
2020-08-28 15:04:53,264:INFO:Compiling Metrics
2020-08-28 15:04:53,276:INFO:Initializing Fold 3
2020-08-28 15:04:53,282:INFO:Fitting Model
2020-08-28 15:04:55,108:INFO:Evaluating Metrics
2020-08-28 15:04:56,533:INFO:Compiling Metrics
2020-08-28 15:04:56,546:INFO:Initializing Fold 4
2020-08-28 15:04:56,553:INFO:Fitting Model
2020-08-28 15:04:58,307:INFO:Evaluating Metrics
2020-08-28 15:04:59,730:INFO:Compiling Metrics
2020-08-28 15:04:59,742:INFO:Initializing Fold 5
2020-08-28 15:04:59,748:INFO:Fitting Model
2020-08-28 15:05:01,548:INFO:Evaluating Metrics
2020-08-28 15:05:02,966:INFO:Compiling Metrics
2020-08-28 15:05:02,982:INFO:Initializing Fold 6
2020-08-28 15:05:02,991:INFO:Fitting Model
2020-08-28 15:05:04,603:INFO:Evaluating Metrics
2020-08-28 15:05:06,031:INFO:Compiling Metrics
2020-08-28 15:05:06,044:INFO:Initializing Fold 7
2020-08-28 15:05:06,050:INFO:Fitting Model
2020-08-28 15:05:07,710:INFO:Evaluating Metrics
2020-08-28 15:05:09,136:INFO:Compiling Metrics
2020-08-28 15:05:09,150:INFO:Initializing Fold 8
2020-08-28 15:05:09,157:INFO:Fitting Model
2020-08-28 15:05:11,098:INFO:Evaluating Metrics
2020-08-28 15:05:12,764:INFO:Compiling Metrics
2020-08-28 15:05:12,777:INFO:Initializing Fold 9
2020-08-28 15:05:12,784:INFO:Fitting Model
2020-08-28 15:05:14,613:INFO:Evaluating Metrics
2020-08-28 15:05:16,035:INFO:Compiling Metrics
2020-08-28 15:05:16,045:INFO:Initializing Fold 10
2020-08-28 15:05:16,051:INFO:Fitting Model
2020-08-28 15:05:17,721:INFO:Evaluating Metrics
2020-08-28 15:05:19,149:INFO:Compiling Metrics
2020-08-28 15:05:19,161:INFO:Calculating mean and std
2020-08-28 15:05:19,162:INFO:Creating metrics dataframe
2020-08-28 15:05:19,175:INFO:Initializing Extreme Gradient Boosting
2020-08-28 15:05:19,182:INFO:Initializing Fold 1
2020-08-28 15:05:19,187:INFO:Fitting Model
2020-08-28 15:05:26,531:INFO:Evaluating Metrics
2020-08-28 15:05:26,616:INFO:Compiling Metrics
2020-08-28 15:05:26,624:INFO:Initializing Fold 2
2020-08-28 15:05:26,633:INFO:Fitting Model
2020-08-28 15:05:33,728:INFO:Evaluating Metrics
2020-08-28 15:05:33,812:INFO:Compiling Metrics
2020-08-28 15:05:33,819:INFO:Initializing Fold 3
2020-08-28 15:05:33,825:INFO:Fitting Model
2020-08-28 15:05:40,866:INFO:Evaluating Metrics
2020-08-28 15:05:40,951:INFO:Compiling Metrics
2020-08-28 15:05:40,957:INFO:Initializing Fold 4
2020-08-28 15:05:40,962:INFO:Fitting Model
2020-08-28 15:05:48,020:INFO:Evaluating Metrics
2020-08-28 15:05:48,105:INFO:Compiling Metrics
2020-08-28 15:05:48,112:INFO:Initializing Fold 5
2020-08-28 15:05:48,117:INFO:Fitting Model
2020-08-28 15:05:55,164:INFO:Evaluating Metrics
2020-08-28 15:05:55,250:INFO:Compiling Metrics
2020-08-28 15:05:55,258:INFO:Initializing Fold 6
2020-08-28 15:05:55,263:INFO:Fitting Model
2020-08-28 15:06:02,293:INFO:Evaluating Metrics
2020-08-28 15:06:02,377:INFO:Compiling Metrics
2020-08-28 15:06:02,383:INFO:Initializing Fold 7
2020-08-28 15:06:02,387:INFO:Fitting Model
2020-08-28 15:06:09,469:INFO:Evaluating Metrics
2020-08-28 15:06:09,555:INFO:Compiling Metrics
2020-08-28 15:06:09,563:INFO:Initializing Fold 8
2020-08-28 15:06:09,568:INFO:Fitting Model
2020-08-28 15:06:16,604:INFO:Evaluating Metrics
2020-08-28 15:06:16,688:INFO:Compiling Metrics
2020-08-28 15:06:16,694:INFO:Initializing Fold 9
2020-08-28 15:06:16,699:INFO:Fitting Model
2020-08-28 15:06:23,723:INFO:Evaluating Metrics
2020-08-28 15:06:23,808:INFO:Compiling Metrics
2020-08-28 15:06:23,815:INFO:Initializing Fold 10
2020-08-28 15:06:23,819:INFO:Fitting Model
2020-08-28 15:06:30,916:INFO:Evaluating Metrics
2020-08-28 15:06:31,000:INFO:Compiling Metrics
2020-08-28 15:06:31,007:INFO:Calculating mean and std
2020-08-28 15:06:31,007:INFO:Creating metrics dataframe
2020-08-28 15:06:31,018:INFO:Initializing Light Gradient Boosting Machine
2020-08-28 15:06:31,024:INFO:Initializing Fold 1
2020-08-28 15:06:31,028:INFO:Fitting Model
2020-08-28 15:06:32,138:INFO:Evaluating Metrics
2020-08-28 15:06:32,223:INFO:Compiling Metrics
2020-08-28 15:06:32,229:INFO:Initializing Fold 2
2020-08-28 15:06:32,233:INFO:Fitting Model
2020-08-28 15:06:33,338:INFO:Evaluating Metrics
2020-08-28 15:06:33,422:INFO:Compiling Metrics
2020-08-28 15:06:33,428:INFO:Initializing Fold 3
2020-08-28 15:06:33,432:INFO:Fitting Model
2020-08-28 15:06:34,541:INFO:Evaluating Metrics
2020-08-28 15:06:34,628:INFO:Compiling Metrics
2020-08-28 15:06:34,634:INFO:Initializing Fold 4
2020-08-28 15:06:34,639:INFO:Fitting Model
2020-08-28 15:06:35,755:INFO:Evaluating Metrics
2020-08-28 15:06:35,841:INFO:Compiling Metrics
2020-08-28 15:06:35,847:INFO:Initializing Fold 5
2020-08-28 15:06:35,851:INFO:Fitting Model
2020-08-28 15:06:36,960:INFO:Evaluating Metrics
2020-08-28 15:06:37,046:INFO:Compiling Metrics
2020-08-28 15:06:37,052:INFO:Initializing Fold 6
2020-08-28 15:06:37,056:INFO:Fitting Model
2020-08-28 15:06:38,168:INFO:Evaluating Metrics
2020-08-28 15:06:38,254:INFO:Compiling Metrics
2020-08-28 15:06:38,260:INFO:Initializing Fold 7
2020-08-28 15:06:38,264:INFO:Fitting Model
2020-08-28 15:06:39,370:INFO:Evaluating Metrics
2020-08-28 15:06:39,456:INFO:Compiling Metrics
2020-08-28 15:06:39,462:INFO:Initializing Fold 8
2020-08-28 15:06:39,467:INFO:Fitting Model
2020-08-28 15:06:40,575:INFO:Evaluating Metrics
2020-08-28 15:06:40,662:INFO:Compiling Metrics
2020-08-28 15:06:40,667:INFO:Initializing Fold 9
2020-08-28 15:06:40,672:INFO:Fitting Model
2020-08-28 15:06:41,777:INFO:Evaluating Metrics
2020-08-28 15:06:41,863:INFO:Compiling Metrics
2020-08-28 15:06:41,869:INFO:Initializing Fold 10
2020-08-28 15:06:41,873:INFO:Fitting Model
2020-08-28 15:06:42,986:INFO:Evaluating Metrics
2020-08-28 15:06:43,071:INFO:Compiling Metrics
2020-08-28 15:06:43,077:INFO:Calculating mean and std
2020-08-28 15:06:43,077:INFO:Creating metrics dataframe
2020-08-28 15:06:43,087:INFO:Initializing CatBoost Classifier
2020-08-28 15:06:43,093:INFO:Initializing Fold 1
2020-08-28 15:06:43,097:INFO:Fitting Model
2020-08-28 15:08:04,937:INFO:Evaluating Metrics
2020-08-28 15:08:05,012:INFO:Compiling Metrics
2020-08-28 15:08:05,022:INFO:Initializing Fold 2
2020-08-28 15:08:05,028:INFO:Fitting Model
2020-08-28 15:09:29,047:INFO:Evaluating Metrics
2020-08-28 15:09:29,129:INFO:Compiling Metrics
2020-08-28 15:09:29,141:INFO:Initializing Fold 3
2020-08-28 15:09:29,147:INFO:Fitting Model
2020-08-28 15:10:55,060:INFO:Evaluating Metrics
2020-08-28 15:10:55,141:INFO:Compiling Metrics
2020-08-28 15:10:55,153:INFO:Initializing Fold 4
2020-08-28 15:10:55,159:INFO:Fitting Model
2020-08-28 15:12:18,345:INFO:Evaluating Metrics
2020-08-28 15:12:18,420:INFO:Compiling Metrics
2020-08-28 15:12:18,429:INFO:Initializing Fold 5
2020-08-28 15:12:18,434:INFO:Fitting Model
2020-08-28 15:13:44,155:INFO:Evaluating Metrics
2020-08-28 15:13:44,226:INFO:Compiling Metrics
2020-08-28 15:13:44,235:INFO:Initializing Fold 6
2020-08-28 15:13:44,241:INFO:Fitting Model
2020-08-28 15:15:04,425:INFO:Evaluating Metrics
2020-08-28 15:15:04,484:INFO:Compiling Metrics
2020-08-28 15:15:04,492:INFO:Initializing Fold 7
2020-08-28 15:15:04,498:INFO:Fitting Model
2020-08-28 15:16:26,877:INFO:Evaluating Metrics
2020-08-28 15:16:26,950:INFO:Compiling Metrics
2020-08-28 15:16:26,959:INFO:Initializing Fold 8
2020-08-28 15:16:26,965:INFO:Fitting Model
2020-08-28 15:17:52,050:INFO:Evaluating Metrics
2020-08-28 15:17:52,129:INFO:Compiling Metrics
2020-08-28 15:17:52,147:INFO:Initializing Fold 9
2020-08-28 15:17:52,157:INFO:Fitting Model
2020-08-28 15:19:17,272:INFO:Evaluating Metrics
2020-08-28 15:19:17,340:INFO:Compiling Metrics
2020-08-28 15:19:17,348:INFO:Initializing Fold 10
2020-08-28 15:19:17,353:INFO:Fitting Model
2020-08-28 15:20:38,791:INFO:Evaluating Metrics
2020-08-28 15:20:38,854:INFO:Compiling Metrics
2020-08-28 15:20:38,862:INFO:Calculating mean and std
2020-08-28 15:20:38,862:INFO:Creating metrics dataframe
2020-08-28 15:20:38,879:INFO:Finalizing top_n models
2020-08-28 15:20:38,879:INFO:SubProcess create_model() called ==================================
2020-08-28 15:20:38,884:INFO:Initializing create_model()
2020-08-28 15:20:38,884:INFO:create_model(estimator=catboost, ensemble=False, method=None, fold=10, round=4, cross_validation=True, verbose=False, system=False)
2020-08-28 15:20:38,884:INFO:Checking exceptions
2020-08-28 15:20:38,884:INFO:Preloading libraries
2020-08-28 15:20:38,884:INFO:Preparing display monitor
2020-08-28 15:20:38,889:INFO:Copying training dataset
2020-08-28 15:20:38,890:INFO:Importing libraries
2020-08-28 15:20:38,891:INFO:Defining folds
2020-08-28 15:20:38,891:INFO:Declaring metric variables
2020-08-28 15:20:38,891:INFO:Importing untrained model
2020-08-28 15:20:38,891:INFO:CatBoost Classifier Imported succesfully
2020-08-28 15:20:38,891:INFO:Checking ensemble method
2020-08-28 15:20:38,892:INFO:Target variable is Multiclass. OneVsRestClassifier activated
2020-08-28 15:20:38,894:INFO:Initializing Fold 1
2020-08-28 15:20:38,895:INFO:Fitting Model
2020-08-28 15:23:01,026:INFO:Evaluating Metrics
2020-08-28 15:23:01,109:INFO:Compiling Metrics
2020-08-28 15:23:01,117:INFO:Initializing Fold 2
2020-08-28 15:23:01,118:INFO:Fitting Model
2020-08-28 15:25:30,337:INFO:Evaluating Metrics
2020-08-28 15:25:30,424:INFO:Compiling Metrics
2020-08-28 15:25:30,432:INFO:Initializing Fold 3
2020-08-28 15:25:30,433:INFO:Fitting Model
2020-08-28 15:28:02,008:INFO:Evaluating Metrics
2020-08-28 15:28:02,074:INFO:Compiling Metrics
2020-08-28 15:28:02,086:INFO:Initializing Fold 4
2020-08-28 15:28:02,088:INFO:Fitting Model
2020-08-28 15:30:26,318:INFO:Evaluating Metrics
2020-08-28 15:30:26,407:INFO:Compiling Metrics
2020-08-28 15:30:26,419:INFO:Initializing Fold 5
2020-08-28 15:30:26,420:INFO:Fitting Model
2020-08-28 15:32:32,509:INFO:Evaluating Metrics
2020-08-28 15:32:32,581:INFO:Compiling Metrics
2020-08-28 15:32:32,587:INFO:Initializing Fold 6
2020-08-28 15:32:32,588:INFO:Fitting Model
2020-08-28 15:35:02,699:INFO:Evaluating Metrics
2020-08-28 15:35:02,772:INFO:Compiling Metrics
2020-08-28 15:35:02,779:INFO:Initializing Fold 7
2020-08-28 15:35:02,780:INFO:Fitting Model
2020-08-28 15:37:22,818:INFO:Evaluating Metrics
2020-08-28 15:37:22,926:INFO:Compiling Metrics
2020-08-28 15:37:22,938:INFO:Initializing Fold 8
2020-08-28 15:37:22,940:INFO:Fitting Model
2020-08-28 15:39:32,425:INFO:Evaluating Metrics
2020-08-28 15:39:32,516:INFO:Compiling Metrics
2020-08-28 15:39:32,527:INFO:Initializing Fold 9
2020-08-28 15:39:32,528:INFO:Fitting Model
2020-08-28 15:41:35,352:INFO:Evaluating Metrics
2020-08-28 15:41:35,439:INFO:Compiling Metrics
2020-08-28 15:41:35,451:INFO:Initializing Fold 10
2020-08-28 15:41:35,453:INFO:Fitting Model
2020-08-28 15:43:54,396:INFO:Evaluating Metrics
2020-08-28 15:43:54,474:INFO:Compiling Metrics
2020-08-28 15:43:54,482:INFO:Calculating mean and std
2020-08-28 15:43:54,483:INFO:Creating metrics dataframe
2020-08-28 15:43:54,486:INFO:Finalizing model
2020-08-28 15:46:14,122:INFO:Uploading results into container
2020-08-28 15:46:14,122:INFO:Uploading model into container now
2020-08-28 15:46:14,122:INFO:create_model_container: 1
2020-08-28 15:46:14,123:INFO:master_model_container: 1
2020-08-28 15:46:14,123:INFO:display_container: 1
2020-08-28 15:46:14,124:INFO:OneVsRestClassifier(estimator=<catboost.core.CatBoostClassifier object at 0x7f2a5317c450>,
                    n_jobs=-1)
2020-08-28 15:46:14,124:INFO:create_model() succesfully completed......................................
2020-08-28 15:46:14,125:INFO:SubProcess create_model() end ==================================
2020-08-28 15:46:14,165:INFO:create_model_container: 1
2020-08-28 15:46:14,165:INFO:master_model_container: 1
2020-08-28 15:46:14,165:INFO:display_container: 2
2020-08-28 15:46:14,165:INFO:OneVsRestClassifier(estimator=<catboost.core.CatBoostClassifier object at 0x7f2a5317c450>,
                    n_jobs=-1)
2020-08-28 15:46:14,165:INFO:compare_models() succesfully completed......................................
2020-08-28 15:46:14,206:INFO:PyCaret Classification Module
2020-08-28 15:46:14,206:INFO:version 2.0
2020-08-28 15:46:14,206:INFO:Initializing setup()
2020-08-28 15:46:14,206:INFO:USI: be18
2020-08-28 15:46:14,206:INFO:setup(data=(25380, 12), target=system_id, train_size=0.7, sampling=True, sample_estimator=None, categorical_features=None, categorical_imputation=constant, ordinal_features=None,
                    high_cardinality_features=None, high_cardinality_method=frequency, numeric_features=None, numeric_imputation=mean, date_features=None, ignore_features=['audio_filename', 'speaker_id', 'label'], normalize=True,
                    normalize_method=zscore, transformation=False, transformation_method=yeo-johnson, handle_unknown_categorical=True, unknown_categorical_method=least_frequent, pca=False, pca_method=linear,
                    pca_components=None, ignore_low_variance=False, combine_rare_levels=False, rare_level_threshold=0.1, bin_numeric_features=None, remove_outliers=False, outliers_threshold=0.05,
                    remove_multicollinearity=False, multicollinearity_threshold=0.9, remove_perfect_collinearity=False, create_clusters=False, cluster_iter=20,
                    polynomial_features=False, polynomial_degree=2, trigonometry_features=False, polynomial_threshold=0.1, group_features=None,
                    group_names=None, feature_selection=False, feature_selection_threshold=0.8, feature_interaction=False, feature_ratio=False, interaction_threshold=0.01,
                    fix_imbalance=False, fix_imbalance_method=None, data_split_shuffle=True, folds_shuffle=False, n_jobs=-1, html=True, session_id=None, log_experiment=False,
                    experiment_name=None, log_plots=False, log_profile=False, log_data=False, silent=False, verbose=True, profile=False)
2020-08-28 15:46:14,206:INFO:Checking environment
2020-08-28 15:46:14,206:INFO:python_version: 3.7.8
2020-08-28 15:46:14,206:INFO:python_build: ('default', 'Jul 31 2020 02:25:08')
2020-08-28 15:46:14,206:INFO:machine: x86_64
2020-08-28 15:46:14,206:INFO:platform: Linux-4.15.0-112-generic-x86_64-with-debian-buster-sid
2020-08-28 15:46:14,208:WARNING:cannot find psutil installation. memory not traceable. Install psutil using pip to enable memory logging. 
2020-08-28 15:46:14,208:INFO:Checking libraries
2020-08-28 15:46:14,208:INFO:pd==1.1.1
2020-08-28 15:46:14,208:INFO:numpy==1.19.1
2020-08-28 15:46:14,208:INFO:sklearn==0.23.2
2020-08-28 15:46:14,208:INFO:xgboost==1.2.0
2020-08-28 15:46:14,208:INFO:lightgbm==2.3.1
2020-08-28 15:46:14,208:INFO:catboost==0.24.1
2020-08-28 15:46:14,208:INFO:mlflow==1.10.0
2020-08-28 15:46:14,208:INFO:Checking Exceptions
2020-08-28 15:46:14,208:INFO:Preloading libraries
2020-08-28 15:46:14,208:INFO:Preparing display monitor
2020-08-28 15:46:14,217:INFO:Importing libraries
2020-08-28 15:46:14,228:INFO:Copying data for preprocessing
2020-08-28 15:46:14,231:INFO:Declaring global variables
2020-08-28 15:46:14,238:INFO:Declaring preprocessing parameters
2020-08-28 15:46:14,238:INFO:Importing preprocessing module
2020-08-28 15:46:14,238:INFO:Creating preprocessing pipeline
